2024-10-13 19:05:12 - Setting changed to: UNKNOWN
2024-10-13 19:07:14 - Setting changed to: UNKNOWN
2024-10-13 19:11:45 - Setting changed to: ON
2024-10-13 19:17:09 - Setting changed to: ON
2024-10-13 19:17:16 - Setting changed to: ON
2024-10-13 19:17:20 - Setting changed to: ON
2024-10-13 19:17:20 - Setting changed to: ON
2024-10-13 19:17:21 - Setting changed to: ON
2024-10-13 19:17:21 - Setting changed to: ON
2024-10-13 19:17:21 - Setting changed to: ON
2024-10-13 19:17:27 - Setting changed to: OFF
2024-10-13 20:21:13 - Setting changed to: ON
2024-10-13 20:22:06 - Setting changed to: ON
2024-10-13 20:22:09 - Setting changed to: ON
2024-10-13 20:22:09 - Setting changed to: ON
2024-10-13 20:22:10 - Setting changed to: ON
2024-10-13 20:22:10 - Setting changed to: ON
2024-10-13 20:22:10 - Setting changed to: ON
2024-10-13 20:22:10 - Setting changed to: ON
2024-10-13 20:22:11 - Setting changed to: ON
2024-10-13 20:22:11 - Setting changed to: ON
2024-10-13 20:22:11 - Setting changed to: ON
2024-10-13 20:26:54 - Setting changed to: OFF
2024-10-13 20:27:24 - Setting changed to: OFF
2024-10-13 20:29:32 - Setting changed to: OFF
2024-10-13 20:29:37 - Setting changed to: OFF
2024-10-13 20:29:42 - Setting changed to: OFF
2024-10-13 20:30:39 - Setting changed to: ON
2024-10-13 20:32:12 - Setting changed to: ON
2024-10-13 20:32:14 - Setting changed to: OFF
2024-10-13 20:32:15 - Setting changed to: OFF
2024-10-13 20:32:16 - Setting changed to: OFF
2024-10-13 20:32:17 - Setting changed to: OFF
2024-10-13 20:32:18 - Setting changed to: ON
2024-10-13 20:32:19 - Setting changed to: ON
2024-10-13 20:32:20 - Setting changed to: ON
2024-10-13 21:21:16 - Setting changed to: ON
2024-10-13 21:21:18 - Setting changed to: OFF
2024-10-13 21:21:19 - Setting changed to: OFF
2024-10-13 21:21:21 - Setting changed to: OFF
2024-10-13 21:21:22 - Setting changed to: ON
2024-10-13 23:15:26 - Setting changed to: ON
2024-10-13 23:15:28 - Setting changed to: OFF
2024-10-14 18:02:15 - Setting changed to: ON
2024-10-15 13:46:27 - Setting changed to: Error setting GPIO value: [Errno 2] No such file or directory: '/sys/class/gpio/gpio17/value'
2024-10-15 13:46:27 - Setting changed to: ON
2024-10-15 13:59:12 - Setting changed to: Plus
2024-10-15 13:59:18 - Setting changed to: Plus
2024-10-15 13:59:41 - Setting changed to: Plus
2024-10-15 13:59:43 - Setting changed to: Plus
2024-10-15 13:59:44 - Setting changed to: Plus
2024-10-15 13:59:45 - Setting changed to: Plus
2024-10-15 13:59:47 - Setting changed to: Plus
2024-10-15 13:59:48 - Setting changed to: Plus
2024-10-15 14:01:07 - Setting changed to: Plus
2024-10-15 14:01:10 - Setting changed to: Plus
2024-10-15 14:01:12 - Setting changed to: Minus
2024-10-15 14:01:14 - Setting changed to: Plus
2024-10-15 14:01:16 - Setting changed to: Plus
2024-10-15 14:08:14 - Setting changed to: Brightness set to 62%
2024-10-15 14:08:21 - Setting changed to: Brightness set to 23%
2024-10-15 14:08:27 - Setting changed to: Brightness set to 100%
2024-10-15 14:10:58 - Setting changed to: Brightness set to 94%
2024-10-15 14:12:30 - Setting changed to: Brightness set to 100%
2024-10-15 14:12:48 - Setting changed to: Brightness set to 71%
2024-10-15 14:12:59 - Setting changed to: Brightness set to 85%
2024-10-15 14:13:07 - Setting changed to: Brightness set to 85%
2024-10-15 14:13:13 - Setting changed to: Brightness set to 24%
2024-10-15 14:13:18 - Setting changed to: Brightness set to 24%
2024-10-15 14:37:39 - Setting changed to: Brightness set to 50%
2024-10-15 14:54:21 - Setting changed to: Brightness set to 84%
2024-10-15 14:54:31 - Setting changed to: Brightness set to 100%
2024-10-15 14:54:44 - Setting changed to: Brightness set to 27%
2024-10-15 14:55:00 - Setting changed to: Brightness set to 71%
2024-10-15 15:06:01 - Setting changed to: Brightness set to 19%
2024-10-15 15:06:18 - Setting changed to: Brightness set to 95%
2024-10-15 15:50:37 - Setting changed to: Error setting up GPIO value: [Errno 22] Invalid argument
2024-10-15 15:50:37 - Setting changed to: Brightness set to 26%
2024-10-15 15:51:36 - Setting changed to: Error setting up GPIO value: [Errno 22] Invalid argument
2024-10-15 15:51:36 - Setting changed to: Brightness set to 82%
2024-10-15 15:52:35 - Setting changed to: Error setting up GPIO value: [Errno 22] Invalid argument
2024-10-15 15:52:35 - Setting changed to: Brightness set to 45%
2024-10-15 16:33:27 - Setting changed to: Error setting up GPIO value: [Errno 22] Invalid argument
2024-10-15 16:33:27 - Setting changed to: Brightness set to 30%
2024-10-15 16:33:48 - Setting changed to: Error setting up GPIO value: [Errno 22] Invalid argument
2024-10-15 16:33:48 - Setting changed to: Brightness set to 78%
2024-10-15 16:34:07 - Setting changed to: Error setting up GPIO value: [Errno 22] Invalid argument
2024-10-15 16:34:07 - Setting changed to: Brightness set to 14%
2024-10-15 16:34:11 - Setting changed to: Error setting up GPIO value: [Errno 22] Invalid argument
2024-10-15 16:34:11 - Setting changed to: Brightness set to 50%
2024-10-15 16:34:17 - Setting changed to: Error setting up GPIO value: [Errno 22] Invalid argument
2024-10-15 16:34:17 - Setting changed to: Brightness set to 79%
2024-10-15 16:38:52 - Setting changed to: Brightness set to 84%
2024-10-15 16:39:05 - Setting changed to: Brightness set to 4%
2024-10-15 17:08:26 - Setting changed to: Brightness set to 83%
2024-10-15 17:26:27 - Setting changed to: Brightness set to 19%
2024-10-15 17:27:04 - Setting changed to: Brightness set to 0%
2024-10-15 17:27:10 - Setting changed to: Brightness set to 5%
2024-10-15 17:27:17 - Setting changed to: Brightness set to 1%
2024-10-15 19:50:53 - Setting changed to: Brightness set to 24%
2024-10-15 19:57:41 - Setting changed to: Brightness set to 78%
2024-10-15 19:57:50 - Setting changed to: Brightness set to 34%
2024-10-15 21:09:35 - Setting changed to: Brightness set to 70%
2024-10-15 21:09:47 - Setting changed to: Brightness set to 77%
2024-10-15 21:09:55 - Setting changed to: Brightness set to 77%
2024-10-15 21:10:08 - Setting changed to: Brightness set to 50%
2024-10-15 21:10:12 - Setting changed to: Brightness set to 12%
2024-10-15 21:11:20 - Setting changed to: Brightness set to 75%
2024-10-15 21:25:11 - Setting changed to: Brightness set to 32%
2024-10-15 21:26:23 - Setting changed to: Brightness set to 92%
2024-10-15 21:26:27 - Setting changed to: Brightness set to 5%
2024-10-15 21:29:46 - Setting changed to: Brightness set to 84%
2024-10-15 22:47:24 - Setting changed to: Brightness set to 22%
2024-10-15 22:47:28 - Setting changed to: Brightness set to 0%
2024-10-15 23:02:09 - Setting changed to: Brightness set to 50%
2024-10-15 23:02:13 - Setting changed to: Brightness set to 78%
2024-10-15 23:02:18 - Setting changed to: Brightness set to 2%
2024-10-15 23:03:04 - Setting changed to: Brightness set to 51%
2024-10-15 23:03:07 - Setting changed to: Brightness set to 74%
2024-10-15 23:03:11 - Setting changed to: Brightness set to 99%
2024-10-15 23:03:15 - Setting changed to: Brightness set to 93%
2024-10-15 23:05:21 - Setting changed to: Brightness set to 50%
2024-10-15 23:05:29 - Setting changed to: Brightness set to 21%
2024-10-15 23:05:31 - Setting changed to: Brightness set to 21%
2024-10-15 23:08:20 - Setting changed to: Brightness set to 50%
2024-10-16 08:35:25 - Setting changed to: Error setting up GPIO value: [Errno 2] No such file or directory: '/sys/class/pwm/pwmchip0/pwm0/duty_cycle'
2024-10-16 08:35:26 - Setting changed to: Error setting up GPIO value: [Errno 2] No such file or directory: '/sys/class/pwm/pwmchip0/pwm0/duty_cycle'
2024-10-16 08:35:56 - Setting changed to: Brightness set to 14%
2024-10-16 08:35:57 - Setting changed to: Brightness set to 14%
2024-10-16 08:38:06 - Setting changed to: Error setting up GPIO value: [Errno 2] No such file or directory: '/sys/class/pwm/pwmchip0/pwm0/duty_cycle'
2024-10-16 08:38:38 - Setting changed to: Brightness set to 49%
2024-10-16 08:54:32 - Setting changed to: Brightness set to 6%
2024-10-16 09:04:46 - Setting changed to: Brightness set to 69%
2024-10-16 09:05:24 - Setting changed to: Brightness set to 21%
2024-10-16 09:06:35 - Setting changed to: Brightness set to 44%
2024-10-16 09:06:39 - Setting changed to: Brightness set to 1%
2024-10-16 09:06:48 - Setting changed to: Brightness set to 10%
2024-10-16 09:06:52 - Setting changed to: Brightness set to 100%
2024-10-16 11:03:11 - Setting changed to: Error setting up GPIO value: [Errno 2] No such file or directory: '/sys/class/pwm/pwmchip0/pwm0/duty_cycle'
2024-10-16 11:03:11 - Setting changed to: Brightness set to 50%
2024-10-16 11:06:07 - Setting changed to: Brightness set to 78%
2024-10-16 11:06:12 - Setting changed to: Brightness set to 1%
2024-10-16 11:06:15 - Setting changed to: Brightness set to 86%
2024-10-16 11:08:02 - Setting changed to: Brightness set to 100%
2024-10-16 11:08:49 - Setting changed to: Brightness set to 67%
2024-10-16 11:08:54 - Setting changed to: Brightness set to 29%
2024-10-16 11:09:00 - Setting changed to: Brightness set to 8%
2024-10-16 11:09:03 - Setting changed to: Brightness set to 0%
2024-10-16 11:09:08 - Setting changed to: Brightness set to 45%
2024-10-16 11:10:18 - Setting changed to: Brightness set to 45%
2024-10-16 11:10:29 - Setting changed to: Brightness set to 21%
2024-10-16 13:00:04 - Setting changed to: Brightness set to 54%
2024-10-16 13:00:09 - Setting changed to: Brightness set to 100%
2024-10-16 13:00:13 - Setting changed to: Brightness set to 0%
2024-10-16 15:03:57 - Setting changed to: Brightness set to 76%
2024-10-16 15:04:05 - Setting changed to: Brightness set to 12%
2024-10-16 15:35:06 - Setting changed to: Brightness set to 21%
2024-10-16 15:35:10 - Setting changed to: Brightness set to 99%
2024-10-16 15:35:13 - Setting changed to: Brightness set to 15%
2024-10-16 15:36:37 - Setting changed to: Brightness set to 15%
2024-10-16 15:45:43 - Setting changed to: Brightness set to 81%
2024-10-16 15:46:04 - Setting changed to: Brightness set to 58%
2024-10-16 15:49:02 - Setting changed to: Brightness set to 27%
2024-10-16 16:08:49 - Setting changed to: Brightness set to 50%
2024-10-16 16:09:05 - Setting changed to: Brightness set to 99%
2024-10-16 16:09:09 - Setting changed to: Brightness set to 1%
2024-10-16 16:09:12 - Setting changed to: Brightness set to 20%
2024-10-16 16:10:41 - Setting changed to: Brightness set to 81%
2024-10-16 16:32:40 - Setting changed to: Brightness set to 9%
2024-10-16 16:58:14 - Setting changed to: Brightness set to 86%
2024-10-16 16:58:30 - Setting changed to: Brightness set to 8%
2024-10-16 17:00:56 - Setting changed to: Brightness set to 50%
2024-10-16 17:01:16 - Setting changed to: Brightness set to 69%
2024-10-16 23:15:20 - Setting changed to: Brightness set to 9%
2024-10-16 23:17:03 - Setting changed to: Brightness set to 86%
2024-10-16 23:17:07 - Setting changed to: Brightness set to 14%
2024-10-16 23:43:53 - Setting changed to: Brightness set to 50%
2024-10-16 23:46:39 - Setting changed to: Brightness set to 78%
2024-10-16 23:47:45 - Setting changed to: Brightness set to 13%
2024-10-17 09:39:10 - Setting changed to: Error setting up GPIO value: [Errno 2] No such file or directory: '/sys/class/pwm/pwmchip0/pwm0/duty_cycle'
2024-10-17 09:39:10 - Setting changed to: Brightness set to 82%
2024-10-17 10:22:20 - Setting changed to: Brightness set to 5%
2024-10-17 10:33:25 - Setting changed to: Brightness set to 72%
2024-10-17 10:39:45 - Setting changed to: Brightness set to 16%
2024-10-17 10:40:48 - Setting changed to: Brightness set to 78%
2024-10-17 10:40:53 - Setting changed to: Brightness set to 41%
2024-10-17 10:51:19 - Setting changed to: Brightness set to 12%
2024-10-17 11:03:57 - Setting changed to: Brightness set to 30%
2024-10-17 11:07:31 - Setting changed to: Brightness set to 50%
2024-10-17 11:07:50 - Setting changed to: Brightness set to 78%
2024-10-17 11:38:36 - Setting changed to: Brightness set to 5%
2024-10-17 12:05:16 - Setting changed to: Brightness set to 30%
2024-10-17 12:29:06 - Setting changed to: Brightness set to 22%
2024-10-17 12:29:23 - Setting changed to: Brightness set to 76%
2024-10-17 12:34:34 - Setting changed to: Brightness set to 25%
2024-10-17 12:38:36 - Setting changed to: Brightness set to 56%
2024-10-17 12:38:41 - Setting changed to: Brightness set to 1%
2024-10-17 13:56:01 - Setting changed to: Brightness set to 1%
2024-10-17 13:56:04 - Setting changed to: Brightness set to 11%
2024-10-17 14:48:44 - Setting changed to: Brightness set to 78%
2024-10-17 14:52:11 - Setting changed to: Brightness set to 25%
2024-10-17 15:01:08 - Setting changed to: Brightness set to 50%
2024-10-17 15:01:25 - Setting changed to: Brightness set to 9%
2024-10-17 15:02:08 - Setting changed to: Brightness set to 52%
2024-10-17 15:07:21 - Setting changed to: Brightness set to 52%
2024-10-17 15:07:32 - Setting changed to: Brightness set to 17%
2024-10-17 15:10:02 - Setting changed to: Error notifying server: HTTPSConnectionPool(host='192.168.1.104', port=5000): Max retries exceeded with url: /notify (Caused by SSLError(CertificateError("hostname '192.168.1.104' doesn't match either of 'my-embedded-board.local', 'another-alias.local'")))
2024-10-17 15:10:02 - Setting changed to: Brightness set to 50%
2024-10-17 15:17:19 - Setting changed to: Error notifying server: HTTPSConnectionPool(host='192.168.1.104', port=5000): Max retries exceeded with url: /notify (Caused by SSLError(CertificateError("hostname '192.168.1.104' doesn't match 'luiscarlos.local'")))
2024-10-17 15:17:19 - Setting changed to: Brightness set to 18%
2024-10-17 15:19:30 - Setting changed to: Successfully notified server with duty cycle: 3
2024-10-17 15:19:30 - Setting changed to: Brightness set to 3%
2024-10-17 15:30:49 - Setting changed to: Successfully notified server with duty cycle: 51
2024-10-17 15:30:49 - Setting changed to: Brightness set to 51%
2024-10-17 15:30:57 - Setting changed to: Successfully notified server with duty cycle: 38
2024-10-17 15:30:57 - Setting changed to: Brightness set to 38%
2024-10-17 15:32:53 - Setting changed to: Successfully notified server with duty cycle: 86
2024-10-17 15:32:53 - Setting changed to: Brightness set to 86%
2024-10-17 15:36:00 - Setting changed to: Successfully notified server with duty cycle: 50
2024-10-17 15:36:00 - Setting changed to: Brightness set to 50%
2024-10-17 15:36:19 - Setting changed to: Successfully notified server with duty cycle: 82
2024-10-17 15:36:19 - Setting changed to: Brightness set to 82%
2024-10-17 15:37:31 - Setting changed to: Successfully notified server with duty cycle: 47
2024-10-17 15:37:31 - Setting changed to: Brightness set to 47%
2024-10-17 15:39:30 - Setting changed to: Error notifying server: HTTPSConnectionPool(host='192.168.1.104', port=5000): Max retries exceeded with url: /notify (Caused by SSLError(SSLCertVerificationError(1, '[SSL: CERTIFICATE_VERIFY_FAILED] certificate verify failed: self-signed certificate (_ssl.c:992)')))
2024-10-17 15:39:30 - Setting changed to: Brightness set to 73%
2024-10-17 16:13:44 - Setting changed to: Successfully notified server with duty cycle: 22
2024-10-17 16:13:44 - Setting changed to: Brightness set to 22%
